2025-06-16 20:06:09,619 - INFO - OSINT analysis started for: osama bin laden with query: osama bin laden criminal
2025-06-16 20:06:09,619 - WARNING - Google search failed for osama bin laden: search() got an unexpected keyword argument 'num_results'
2025-06-16 20:06:09,619 - INFO - Social media search completed for osama bin laden
2025-06-16 20:06:09,620 - INFO - OSINT results saved for osama bin laden to osint_result.txt
2025-06-16 20:06:28,310 - INFO - OSINT analysis started for: osama bin laden with query: osama bin laden criminal
2025-06-16 20:06:28,310 - WARNING - Google search failed for osama bin laden: search() got an unexpected keyword argument 'num_results'
2025-06-16 20:06:28,341 - INFO - Social media search completed for osama bin laden
2025-06-16 20:06:28,342 - INFO - OSINT results saved for osama bin laden to osint_result.txt
2025-06-16 20:07:40,184 - INFO - OSINT analysis started for: osama bin laden with query: osama bin laden criminal
2025-06-16 20:07:40,185 - WARNING - Google search failed for osama bin laden: search() got an unexpected keyword argument 'num_results'
2025-06-16 20:07:40,185 - INFO - Social media search completed for osama bin laden
2025-06-16 20:07:40,186 - INFO - OSINT results saved for osama bin laden to osint_result.txt
2025-06-16 20:08:20,164 - INFO - OSINT analysis started for: osama bin laden with query: osama bin laden criminal
2025-06-16 20:08:20,164 - WARNING - Google search failed for osama bin laden: search() got an unexpected keyword argument 'num_results'
2025-06-16 20:08:20,164 - INFO - Social media search completed for osama bin laden
2025-06-16 20:08:20,165 - INFO - OSINT results saved for osama bin laden to osint_result.txt
2025-06-16 20:08:31,235 - INFO - OSINT analysis started for: osama bin laden with query: osama bin laden criminal
2025-06-16 20:08:31,235 - WARNING - Google search failed for osama bin laden: search() got an unexpected keyword argument 'num_results'
2025-06-16 20:08:31,236 - INFO - Social media search completed for osama bin laden
2025-06-16 20:08:31,237 - INFO - OSINT results saved for osama bin laden to osint_result.txt
2025-06-16 20:18:27,614 - INFO - OSINT analysis started for: osama bin laden with query: osama bin laden criminal
2025-06-16 20:18:27,615 - WARNING - Google search failed for osama bin laden: search() got an unexpected keyword argument 'num_results'
2025-06-16 20:18:27,615 - INFO - Social media search completed for osama bin laden
2025-06-16 20:18:27,616 - INFO - OSINT results saved for osama bin laden to osint_result.txt
2025-06-16 20:18:38,352 - INFO - OSINT analysis started for: osama bin laden with query: osama bin laden criminal
2025-06-16 20:18:38,353 - WARNING - Google search failed for osama bin laden: search() got an unexpected keyword argument 'num_results'
2025-06-16 20:18:38,353 - INFO - Social media search completed for osama bin laden
2025-06-16 20:18:38,354 - INFO - OSINT results saved for osama bin laden to osint_result.txt
2025-06-16 20:18:38,589 - INFO - OSINT analysis started for: pradeep kumar with query: pradeep kumar criminal
2025-06-16 20:18:38,589 - WARNING - Google search failed for pradeep kumar: search() got an unexpected keyword argument 'num_results'
2025-06-16 20:18:38,589 - INFO - Social media search completed for pradeep kumar
2025-06-16 20:18:38,590 - INFO - OSINT results saved for pradeep kumar to osint_result.txt
2025-06-16 20:18:56,756 - INFO - OSINT analysis started for: osama bin laden with query: osama bin laden criminal
2025-06-16 20:18:56,757 - WARNING - Google search failed for osama bin laden: search() got an unexpected keyword argument 'num_results'
2025-06-16 20:18:56,757 - INFO - Social media search completed for osama bin laden
2025-06-16 20:18:56,758 - INFO - OSINT results saved for osama bin laden to osint_result.txt
2025-06-16 20:27:46,213 - INFO - OSINT analysis started for: osama bin laden with query: osama bin laden criminal
2025-06-16 20:27:46,214 - WARNING - Google search failed for osama bin laden: search() got an unexpected keyword argument 'num_results'
2025-06-16 20:27:46,214 - INFO - Social media search completed for osama bin laden
2025-06-16 20:27:46,215 - INFO - OSINT results saved for osama bin laden to osint_result.txt
2025-06-16 20:27:57,019 - INFO - OSINT analysis started for: osama bin laden with query: osama bin laden criminal
2025-06-16 20:27:57,019 - WARNING - Google search failed for osama bin laden: search() got an unexpected keyword argument 'num_results'
2025-06-16 20:27:57,019 - INFO - Social media search completed for osama bin laden
2025-06-16 20:27:57,020 - INFO - OSINT results saved for osama bin laden to osint_result.txt
2025-06-16 20:28:10,156 - INFO - OSINT analysis started for: osama bin laden with query: osama bin laden criminal
2025-06-16 20:28:10,156 - WARNING - Google search failed for osama bin laden: search() got an unexpected keyword argument 'num_results'
2025-06-16 20:28:10,157 - INFO - Social media search completed for osama bin laden
2025-06-16 20:28:10,158 - INFO - OSINT results saved for osama bin laden to osint_result.txt
2025-06-16 20:43:52,572 - INFO - OSINT analysis started for: osama bin laden with query: osama bin laden criminal
2025-06-16 20:43:52,573 - WARNING - Google search failed for osama bin laden: search() got an unexpected keyword argument 'num_results'
2025-06-16 20:43:52,573 - INFO - Social media search completed for osama bin laden
2025-06-16 20:43:52,574 - INFO - OSINT results saved for osama bin laden to osint_result.txt
2025-06-16 20:43:52,716 - INFO - OSINT analysis started for: osama bin laden with query: osama bin laden criminal
2025-06-16 20:43:52,717 - WARNING - Google search failed for osama bin laden: search() got an unexpected keyword argument 'num_results'
2025-06-16 20:43:52,717 - INFO - Social media search completed for osama bin laden
2025-06-16 20:43:52,718 - INFO - OSINT results saved for osama bin laden to osint_result.txt
2025-06-16 20:43:52,850 - INFO - OSINT analysis started for: osama bin laden with query: osama bin laden criminal
2025-06-16 20:43:52,851 - WARNING - Google search failed for osama bin laden: search() got an unexpected keyword argument 'num_results'
2025-06-16 20:43:52,851 - INFO - Social media search completed for osama bin laden
2025-06-16 20:43:52,852 - INFO - OSINT results saved for osama bin laden to osint_result.txt
2025-06-16 20:43:52,979 - INFO - OSINT analysis started for: osama bin laden with query: osama bin laden criminal
2025-06-16 20:43:52,979 - WARNING - Google search failed for osama bin laden: search() got an unexpected keyword argument 'num_results'
2025-06-16 20:43:52,980 - INFO - Social media search completed for osama bin laden
2025-06-16 20:43:52,981 - INFO - OSINT results saved for osama bin laden to osint_result.txt
2025-06-16 20:43:53,105 - INFO - OSINT analysis started for: pradeep kumar with query: pradeep kumar criminal
2025-06-16 20:43:53,105 - WARNING - Google search failed for pradeep kumar: search() got an unexpected keyword argument 'num_results'
2025-06-16 20:43:53,105 - INFO - Social media search completed for pradeep kumar
2025-06-16 20:43:53,106 - INFO - OSINT results saved for pradeep kumar to osint_result.txt
